Rasa process starting
Rasa process starting
Restoring parameters from models/current/nlu/intent_classifier_tensorflow_embedding.ckpt
Rasa Core server is up and running on http://localhost:5005
Rasa process starting
Restoring parameters from models/current/nlu/intent_classifier_tensorflow_embedding.ckpt
Rasa process starting
Restoring parameters from models/current/nlu/intent_classifier_tensorflow_embedding.ckpt
Rasa process starting
Restoring parameters from models/current/nlu/intent_classifier_tensorflow_embedding.ckpt
Rasa process starting
Restoring parameters from models/current/nlu/intent_classifier_tensorflow_embedding.ckpt
Webhook Setup Successful
Rasa Core server is up and running on http://localhost:5002
Rasa process starting
Restoring parameters from models/current/nlu/intent_classifier_tensorflow_embedding.ckpt
Webhook Setup Successful
Rasa Core server is up and running on http://localhost:5002
Rasa process starting
Restoring parameters from models/current/nlu/intent_classifier_tensorflow_embedding.ckpt
Webhook Setup Successful
Rasa Core server is up and running on http://localhost:5002
Rasa process starting
Restoring parameters from models/current/nlu/intent_classifier_tensorflow_embedding.ckpt
Webhook Setup Successful
Rasa Core server is up and running on http://localhost:5002
Rasa process starting
Rasa Core server is up and running on http://localhost:5005
Rasa process starting
Rasa Core server is up and running on http://localhost:5005
Rasa process starting
Rasa Core server is up and running on http://localhost:5005
Rasa process starting
Rasa Core server is up and running on http://localhost:5005
Rasa process starting
Rasa Core server is up and running on http://localhost:5005
Couldn't create message for template 'utter_thanks'.
Invalid to parse arguments in line '/great{name:'Aflred'}'. Failed to decode parametersas a json object. Make sure the intentfollowed by a proper json object. Error: Expecting property name enclosed in double quotes: line 1 column 2 (char 1)
Couldn't create message for template 'utter_thanks'.
Couldn't create message for template 'utter_thanks'.
Invalid to parse arguments in line '/greet{name:'Alfred'}'. Failed to decode parametersas a json object. Make sure the intentfollowed by a proper json object. Error: Expecting property name enclosed in double quotes: line 1 column 2 (char 1)
Couldn't create message for template 'utter_thanks'.
Rasa process starting
Rasa Core server is up and running on http://localhost:5005
Rasa process starting
Rasa process starting
Rasa process starting
Restoring parameters from models/test4/nlu/intent_classifier_tensorflow_embedding.ckpt
Rasa Core server is up and running on http://localhost:5005
Rasa process starting
Restoring parameters from models/test4/nlu/intent_classifier_tensorflow_embedding.ckpt
Webhook Setup Successful
Rasa Core server is up and running on http://localhost:5002
Rasa process starting
Restoring parameters from models/test4/nlu/intent_classifier_tensorflow_embedding.ckpt
Rasa Core server is up and running on http://localhost:5005
Rasa process starting
Restoring parameters from models/test4/nlu/intent_classifier_tensorflow_embedding.ckpt
Webhook Setup Successful
Rasa Core server is up and running on http://localhost:5002
Rasa process starting
Restoring parameters from models/test4/nlu/intent_classifier_tensorflow_embedding.ckpt
Webhook Setup Successful
Rasa Core server is up and running on http://localhost:5002
Rasa process starting
Restoring parameters from models/test4/nlu/intent_classifier_tensorflow_embedding.ckpt
Webhook Setup Successful
Rasa Core server is up and running on http://localhost:5002
Rasa process starting
Restoring parameters from models/test4/nlu/intent_classifier_tensorflow_embedding.ckpt
Webhook Setup Successful
Rasa Core server is up and running on http://localhost:5002
Rasa process starting
Restoring parameters from models/test4/nlu/intent_classifier_tensorflow_embedding.ckpt
Webhook Setup Successful
Rasa Core server is up and running on http://localhost:5002
Rasa process starting
Restoring parameters from models/test4/nlu/intent_classifier_tensorflow_embedding.ckpt
Webhook Setup Successful
Rasa Core server is up and running on http://localhost:5002
Rasa process starting
Restoring parameters from models/test4/nlu/intent_classifier_tensorflow_embedding.ckpt
Webhook Setup Successful
Rasa Core server is up and running on http://localhost:5002
Rasa process starting
Restoring parameters from models/test4/nlu/intent_classifier_tensorflow_embedding.ckpt
Webhook Setup Successful
Rasa Core server is up and running on http://localhost:5002
Rasa process starting
Restoring parameters from models/test4/nlu/intent_classifier_tensorflow_embedding.ckpt
Webhook Setup Successful
Rasa Core server is up and running on http://localhost:5002
Rasa process starting
Restoring parameters from models/test4/nlu/intent_classifier_tensorflow_embedding.ckpt
Webhook Setup Successful
Rasa Core server is up and running on http://localhost:5002
Rasa process starting
Restoring parameters from models/test4/nlu/intent_classifier_tensorflow_embedding.ckpt
Webhook Setup Successful
Rasa Core server is up and running on http://localhost:5002
Rasa process starting
Restoring parameters from models/test4/nlu/intent_classifier_tensorflow_embedding.ckpt
Webhook Setup Successful
Rasa Core server is up and running on http://localhost:5002
Rasa process starting
Rasa Core server is up and running on http://localhost:5005
Invalid to parse arguments in line '/say_name{"Ally"}'. Failed to decode parametersas a json object. Make sure the intentfollowed by a proper json object. Error: Expecting ':' delimiter: line 1 column 8 (char 7)
Rasa process starting
Restoring parameters from models/test5/nlu/intent_classifier_tensorflow_embedding.ckpt
Webhook Setup Successful
Rasa Core server is up and running on http://localhost:5002
Rasa process starting
Restoring parameters from models/test5/nlu/intent_classifier_tensorflow_embedding.ckpt
Webhook Setup Successful
Rasa Core server is up and running on http://localhost:5002
Rasa process starting
Restoring parameters from models/test5/nlu/intent_classifier_tensorflow_embedding.ckpt
Webhook Setup Successful
Rasa Core server is up and running on http://localhost:5002
Rasa process starting
Restoring parameters from models/test5/nlu/intent_classifier_tensorflow_embedding.ckpt
Webhook Setup Successful
Rasa Core server is up and running on http://localhost:5002
Encountered an exception while running action 'action_default_fallback'. Bot will continue, but the actions events are lost. Make sure to fix the exception in your custom code.
Encountered an exception while running action 'action_default_fallback'. Bot will continue, but the actions events are lost. Make sure to fix the exception in your custom code.
Rasa process starting
Restoring parameters from models/test5/nlu/intent_classifier_tensorflow_embedding.ckpt
Webhook Setup Successful
Rasa Core server is up and running on http://localhost:5002
Encountered an exception while running action 'action_default_fallback'. Bot will continue, but the actions events are lost. Make sure to fix the exception in your custom code.
Encountered an exception while running action 'action_default_fallback'. Bot will continue, but the actions events are lost. Make sure to fix the exception in your custom code.
Rasa process starting
Restoring parameters from models/test5/nlu/intent_classifier_tensorflow_embedding.ckpt
Webhook Setup Successful
Rasa Core server is up and running on http://localhost:5002
Rasa process starting
Restoring parameters from models/test5/nlu/intent_classifier_tensorflow_embedding.ckpt
Webhook Setup Successful
Rasa Core server is up and running on http://localhost:5002
Rasa process starting
Restoring parameters from models/test5/nlu/intent_classifier_tensorflow_embedding.ckpt
Webhook Setup Successful
Rasa Core server is up and running on http://localhost:5002
